0 info it worked if it ends with ok
1 verbose cli [ '/usr/local/bin/node',
1 verbose cli   '/usr/local/bin/npm',
1 verbose cli   'install',
1 verbose cli   'contentloaded' ]
2 info using npm@1.4.28
3 info using node@v0.10.32
4 verbose node symlink /usr/local/bin/node
5 verbose readDependencies using package.json deps
6 verbose cache add [ 'contentloaded', null ]
7 verbose cache add name=undefined spec="contentloaded" args=["contentloaded",null]
8 verbose parsed url { protocol: null,
8 verbose parsed url   slashes: null,
8 verbose parsed url   auth: null,
8 verbose parsed url   host: null,
8 verbose parsed url   port: null,
8 verbose parsed url   hostname: null,
8 verbose parsed url   hash: null,
8 verbose parsed url   search: null,
8 verbose parsed url   query: null,
8 verbose parsed url   pathname: 'contentloaded',
8 verbose parsed url   path: 'contentloaded',
8 verbose parsed url   href: 'contentloaded' }
9 silly lockFile 3294bd61-contentloaded contentloaded
10 verbose lock contentloaded /Users/Israel/.npm/3294bd61-contentloaded.lock
11 silly lockFile 3294bd61-contentloaded contentloaded
12 silly lockFile 3294bd61-contentloaded contentloaded
13 verbose addNamed [ 'contentloaded', '' ]
14 verbose addNamed [ null, '*' ]
15 silly lockFile 972fcce2-contentloaded contentloaded@
16 verbose lock contentloaded@ /Users/Israel/.npm/972fcce2-contentloaded.lock
17 silly addNameRange { name: 'contentloaded', range: '*', hasData: false }
18 verbose request where is /contentloaded
19 verbose request registry https://registry.npmjs.org/
20 verbose request id 92b42f8358dc783c
21 verbose url raw /contentloaded
22 verbose url resolving [ 'https://registry.npmjs.org/', './contentloaded' ]
23 verbose url resolved https://registry.npmjs.org/contentloaded
24 verbose request where is https://registry.npmjs.org/contentloaded
25 info trying registry request attempt 1 at 17:50:58
26 http GET https://registry.npmjs.org/contentloaded
27 http 404 https://registry.npmjs.org/contentloaded
28 verbose headers { date: 'Sat, 07 Mar 2015 09:50:59 GMT',
28 verbose headers   server: 'CouchDB/1.5.0 (Erlang OTP/R16B03)',
28 verbose headers   'content-type': 'application/json',
28 verbose headers   'cache-control': 'max-age=0',
28 verbose headers   'content-length': '52',
28 verbose headers   'accept-ranges': 'bytes',
28 verbose headers   via: '1.1 varnish',
28 verbose headers   age: '0',
28 verbose headers   'x-served-by': 'cache-hkg6820-HKG',
28 verbose headers   'x-cache': 'MISS',
28 verbose headers   'x-cache-hits': '0',
28 verbose headers   'x-timer': 'S1425721858.542701,VS0,VE991',
28 verbose headers   'keep-alive': 'timeout=10, max=50',
28 verbose headers   connection: 'Keep-Alive' }
29 silly registry.get cb [ 404,
29 silly registry.get   { date: 'Sat, 07 Mar 2015 09:50:59 GMT',
29 silly registry.get     server: 'CouchDB/1.5.0 (Erlang OTP/R16B03)',
29 silly registry.get     'content-type': 'application/json',
29 silly registry.get     'cache-control': 'max-age=0',
29 silly registry.get     'content-length': '52',
29 silly registry.get     'accept-ranges': 'bytes',
29 silly registry.get     via: '1.1 varnish',
29 silly registry.get     age: '0',
29 silly registry.get     'x-served-by': 'cache-hkg6820-HKG',
29 silly registry.get     'x-cache': 'MISS',
29 silly registry.get     'x-cache-hits': '0',
29 silly registry.get     'x-timer': 'S1425721858.542701,VS0,VE991',
29 silly registry.get     'keep-alive': 'timeout=10, max=50',
29 silly registry.get     connection: 'Keep-Alive' } ]
30 silly lockFile 972fcce2-contentloaded contentloaded@
31 silly lockFile 972fcce2-contentloaded contentloaded@
32 error 404 404 Not Found: contentloaded
32 error 404
32 error 404 'contentloaded' is not in the npm registry.
32 error 404 You should bug the author to publish it
32 error 404 It was specified as a dependency of 'Alchemy'
32 error 404
32 error 404 Note that you can also install from a
32 error 404 tarball, folder, or http url, or git url.
33 error System Darwin 14.1.0
34 error command "/usr/local/bin/node" "/usr/local/bin/npm" "install" "contentloaded"
35 error cwd /Users/Israel/WWW/magicthemes/alchemy
36 error node -v v0.10.32
37 error npm -v 1.4.28
38 error code E404
39 verbose exit [ 1, true ]
